<?xml version="1.0" encoding="UTF-8"?>
<!-- Generated by org.testng.reporters.JUnitXMLReporter -->
<testsuite ignored="0" hostname="DESKTOP-JUGL5UQ" failures="0" tests="4" name="Surefire test" time="0.065" errors="0" timestamp="2026-04-24T03:55:20 PDT">
  <testcase classname="mavencommandProject.contactTest" name="m1Test" time="0.007"/>
  <testcase classname="mavencommandProject.contactTest" name="m2Test" time="0.001"/>
  <testcase classname="packagae2.mavenTest" name="n1Test" time="0.001"/>
  <testcase classname="packagae2.mavenTest" name="n2Test" time="0.002"/>
</testsuite> <!-- Surefire test -->
