<?xml version="1.0" encoding="UTF-8"?>
<testng-results ignored="0" total="4" passed="4" failed="0" skipped="0">
  <reporter-output>
  </reporter-output>
  <suite started-at="2026-04-24T03:55:20 PDT" name="Surefire suite" finished-at="2026-04-24T03:55:20 PDT" duration-ms="65">
    <groups>
    </groups>
    <test started-at="2026-04-24T03:55:20 PDT" name="Surefire test" finished-at="2026-04-24T03:55:20 PDT" duration-ms="65">
      <class name="mavencommandProject.contactTest">
        <test-method signature="m1Test()[pri:0, instance:mavencommandProject.contactTest@25d250c6]" started-at="2026-04-24T03:55:20 PDT" name="m1Test" finished-at="2026-04-24T03:55:20 PDT" duration-ms="7" status="PASS">
          <reporter-output>
          </reporter-output>
        </test-method> <!-- m1Test -->
        <test-method signature="m2Test()[pri:0, instance:mavencommandProject.contactTest@25d250c6]" started-at="2026-04-24T03:55:20 PDT" name="m2Test" finished-at="2026-04-24T03:55:20 PDT" duration-ms="1" status="PASS">
          <reporter-output>
          </reporter-output>
        </test-method> <!-- m2Test -->
      </class> <!-- mavencommandProject.contactTest -->
      <class name="packagae2.mavenTest">
        <test-method signature="n1Test()[pri:0, instance:packagae2.mavenTest@43301423]" started-at="2026-04-24T03:55:20 PDT" name="n1Test" finished-at="2026-04-24T03:55:20 PDT" duration-ms="1" status="PASS">
          <reporter-output>
          </reporter-output>
        </test-method> <!-- n1Test -->
        <test-method signature="n2Test()[pri:0, instance:packagae2.mavenTest@43301423]" started-at="2026-04-24T03:55:20 PDT" name="n2Test" finished-at="2026-04-24T03:55:20 PDT" duration-ms="2" status="PASS">
          <reporter-output>
          </reporter-output>
        </test-method> <!-- n2Test -->
      </class> <!-- packagae2.mavenTest -->
    </test> <!-- Surefire test -->
  </suite> <!-- Surefire suite -->
</testng-results>
