<?xml version="1.0" encoding="UTF-8"?>
<testsuite xmlns:xsi="http://www.w3.org/2001/XMLSchema-instance" xsi:noNamespaceSchemaLocation="https://maven.apache.org/surefire/maven-surefire-plugin/xsd/surefire-test-report-3.0.xsd" version="3.0" name="TestSuite" time="0.678" tests="4" errors="0" skipped="0" failures="0">
  <properties>
[...]
</properties>
  <testcase name="m1Test" classname="mavencommandProject.contactTest" time="0.007">
    <system-out><![CDATA[hii Test1===
]]></system-out>
    <system-err><![CDATA[SLF4J: Failed to load class "org.slf4j.impl.StaticLoggerBinder".
SLF4J: Defaulting to no-operation (NOP) logger implementation
SLF4J: See http://www.slf4j.org/codes.html#StaticLoggerBinder for further details.
]]></system-err>
  </testcase>
  <testcase name="m2Test" classname="mavencommandProject.contactTest" time="0.023">
    <system-out><![CDATA[ hi test 2
]]></system-out>
  </testcase>
  <testcase name="n1Test" classname="packagae2.mavenTest" time="0.001">
    <system-out><![CDATA[hii Test1===
]]></system-out>
  </testcase>
  <testcase name="n2Test" classname="packagae2.mavenTest" time="0.001">
    <system-out><![CDATA[ hi test 2
]]></system-out>
  </testcase>
</testsuite>