<?xml version="1.0" encoding="UTF-8"?>
<!-- Generated by org.testng.reporters.JUnitReportReporter -->
<testsuite hostname="DESKTOP-JUGL5UQ" failures="0" tests="2" name="mavencommandProject.contactTest" time="0.008" errors="0" timestamp="2026-04-24T03:55:20 PDT" skipped="0">
  <testcase classname="mavencommandProject.contactTest" name="m2Test" time="0.001"/>
  <testcase classname="mavencommandProject.contactTest" name="m1Test" time="0.007"/>
</testsuite> <!-- mavencommandProject.contactTest -->
